<?xml version="1.0" encoding="UTF-8"?>
<!-- Generated by org.testng.reporters.JUnitReportReporter -->
<testsuite hostname="LT-LZ-0091" failures="0" tests="1" name="testCases.TC_002_Login" time="6.756" errors="0" timestamp="2021-09-05T10:16:56 IST" skipped="0">
  <testcase classname="testCases.TC_002_Login" name="test_Login" time="6.756"/>
  <system-out/>
</testsuite> <!-- testCases.TC_002_Login -->
