<?xml version="1.0" encoding="UTF-8"?>
<!-- Generated by org.testng.reporters.JUnitReportReporter -->
<testsuite hostname="LT-LZ-0091" failures="0" tests="1" name="testCases.Login_TC_01" time="6.155" errors="0" timestamp="2021-09-07T20:16:17 IST" skipped="0">
  <testcase classname="testCases.Login_TC_01" name="Login" time="6.155"/>
  <system-out/>
</testsuite> <!-- testCases.Login_TC_01 -->
