<?xml version="1.0" encoding="UTF-8"?>
<!-- Generated by org.testng.reporters.JUnitReportReporter -->
<testsuite hostname="LT-LZ-0091" failures="0" tests="1" name="testCases.TC_001_AccountRegistration" time="7.233" errors="0" timestamp="2021-09-05T10:14:56 IST" skipped="0">
  <testcase classname="testCases.TC_001_AccountRegistration" name="test_accout_Registration" time="7.233"/>
  <system-out/>
</testsuite> <!-- testCases.TC_001_AccountRegistration -->
