<?xml version="1.0" encoding="UTF-8"?>
<!-- Generated by org.testng.reporters.JUnitReportReporter -->
<testsuite hostname="LT-LZ-0091" failures="0" tests="1" name="testCases.TC_LF_009" time="7.852" errors="0" timestamp="2021-09-11T16:58:49 IST" skipped="0">
  <testcase classname="testCases.TC_LF_009" name="backword" time="7.852"/>
  <system-out/>
</testsuite> <!-- testCases.TC_LF_009 -->
