<?xml version="1.0" encoding="UTF-8"?>
<!-- Generated by org.testng.reporters.JUnitReportReporter -->
<testsuite hostname="LT-LZ-0091" failures="0" tests="1" name="testCases.TC_LF_007" time="21.519" errors="0" timestamp="2021-09-11T15:59:46 IST" skipped="0">
  <testcase classname="testCases.TC_LF_007" name="tab" time="21.519"/>
  <system-out/>
</testsuite> <!-- testCases.TC_LF_007 -->
