<?xml version="1.0" encoding="UTF-8"?>
<!-- Generated by org.testng.reporters.JUnitReportReporter -->
<testsuite hostname="LT-LZ-0091" failures="0" tests="2" name="testCases.TC_LF_006" time="7.333" errors="0" timestamp="2021-09-11T13:19:24 IST" skipped="0">
  <testcase classname="testCases.TC_LF_006" name="Login" time="5.899"/>
  <system-out/>
  <testcase classname="testCases.TC_LF_006" name="Forget_password" time="1.434"/>
  <system-out/>
</testsuite> <!-- testCases.TC_LF_006 -->
